<?xml version="1.0" encoding="UTF-8"?>
<testsuite xmlns:xsi="http://www.w3.org/2001/XMLSchema-instance" xsi:noNamespaceSchemaLocation="https://maven.apache.org/surefire/maven-surefire-plugin/xsd/surefire-test-report.xsd" name="org.jackdking.print.starter.AppTest" time="0.012" tests="1" errors="0" skipped="0" failures="0">
  <properties>
    <property name="sun.desktop" value="windows"/>
    <property name="awt.toolkit" value="sun.awt.windows.WToolkit"/>
    <property name="file.encoding.pkg" value="sun.io"/>
    <property name="java.specification.version" value="1.8"/>
    <property name="sun.cpu.isalist" value="amd64"/>
    <property name="sun.jnu.encoding" value="GBK"/>
    <property name="java.class.path" value="C:\Users\10421\Documents\GitHub\jackdking-root\jackdking-print-starter\target\test-classes;C:\Users\10421\Documents\GitHub\jackdking-root\jackdking-print-starter\target\classes;D:\Maven\junit\junit\3.8.1\junit-3.8.1.jar;D:\Maven\org\springframework\boot\spring-boot-autoconfigure\2.1.4.RELEASE\spring-boot-autoconfigure-2.1.4.RELEASE.jar;D:\Maven\org\springframework\boot\spring-boot\2.1.4.RELEASE\spring-boot-2.1.4.RELEASE.jar;D:\Maven\org\springframework\spring-core\5.1.6.RELEASE\spring-core-5.1.6.RELEASE.jar;D:\Maven\org\springframework\spring-jcl\5.1.6.RELEASE\spring-jcl-5.1.6.RELEASE.jar;D:\Maven\org\springframework\spring-context\5.1.6.RELEASE\spring-context-5.1.6.RELEASE.jar;D:\Maven\org\springframework\spring-aop\5.1.6.RELEASE\spring-aop-5.1.6.RELEASE.jar;D:\Maven\org\springframework\spring-beans\5.1.6.RELEASE\spring-beans-5.1.6.RELEASE.jar;D:\Maven\org\springframework\spring-expression\5.1.6.RELEASE\spring-expression-5.1.6.RELEASE.jar;D:\Maven\org\springframework\boot\spring-boot-configuration-processor\2.1.4.RELEASE\spring-boot-configuration-processor-2.1.4.RELEASE.jar;"/>
    <property name="java.vm.vendor" value="Oracle Corporation"/>
    <property name="sun.arch.data.model" value="64"/>
    <property name="user.variant" value=""/>
    <property name="java.vendor.url" value="http://java.oracle.com/"/>
    <property name="user.timezone" value="Asia/Shanghai"/>
    <property name="java.vm.specification.version" value="1.8"/>
    <property name="os.name" value="Windows 10"/>
    <property name="user.country" value="CN"/>
    <property name="sun.java.launcher" value="SUN_STANDARD"/>
    <property name="sun.boot.library.path" value="C:\software_envronment\java\jdk1.8.0_91\jre\bin"/>
    <property name="sun.java.command" value="C:\Users\10421\AppData\Local\Temp\surefire8109482071392216630\surefirebooter7222721399318183953.jar C:\Users\10421\AppData\Local\Temp\surefire8109482071392216630 2021-03-29T23-14-43_714-jvmRun1 surefire628131662865147736tmp surefire_08257346262065478884tmp"/>
    <property name="surefire.test.class.path" value="C:\Users\10421\Documents\GitHub\jackdking-root\jackdking-print-starter\target\test-classes;C:\Users\10421\Documents\GitHub\jackdking-root\jackdking-print-starter\target\classes;D:\Maven\junit\junit\3.8.1\junit-3.8.1.jar;D:\Maven\org\springframework\boot\spring-boot-autoconfigure\2.1.4.RELEASE\spring-boot-autoconfigure-2.1.4.RELEASE.jar;D:\Maven\org\springframework\boot\spring-boot\2.1.4.RELEASE\spring-boot-2.1.4.RELEASE.jar;D:\Maven\org\springframework\spring-core\5.1.6.RELEASE\spring-core-5.1.6.RELEASE.jar;D:\Maven\org\springframework\spring-jcl\5.1.6.RELEASE\spring-jcl-5.1.6.RELEASE.jar;D:\Maven\org\springframework\spring-context\5.1.6.RELEASE\spring-context-5.1.6.RELEASE.jar;D:\Maven\org\springframework\spring-aop\5.1.6.RELEASE\spring-aop-5.1.6.RELEASE.jar;D:\Maven\org\springframework\spring-beans\5.1.6.RELEASE\spring-beans-5.1.6.RELEASE.jar;D:\Maven\org\springframework\spring-expression\5.1.6.RELEASE\spring-expression-5.1.6.RELEASE.jar;D:\Maven\org\springframework\boot\spring-boot-configuration-processor\2.1.4.RELEASE\spring-boot-configuration-processor-2.1.4.RELEASE.jar;"/>
    <property name="sun.cpu.endian" value="little"/>
    <property name="user.home" value="C:\Users\10421"/>
    <property name="user.language" value="zh"/>
    <property name="java.specification.vendor" value="Oracle Corporation"/>
    <property name="java.home" value="C:\software_envronment\java\jdk1.8.0_91\jre"/>
    <property name="basedir" value="C:\Users\10421\Documents\GitHub\jackdking-root\jackdking-print-starter"/>
    <property name="file.separator" value="\"/>
    <property name="line.separator" value="&#10;"/>
    <property name="java.vm.specification.vendor" value="Oracle Corporation"/>
    <property name="java.specification.name" value="Java Platform API Specification"/>
    <property name="java.awt.graphicsenv" value="sun.awt.Win32GraphicsEnvironment"/>
    <property name="surefire.real.class.path" value="C:\Users\10421\AppData\Local\Temp\surefire8109482071392216630\surefirebooter7222721399318183953.jar"/>
    <property name="sun.boot.class.path" value="C:\software_envronment\java\jdk1.8.0_91\jre\lib\resources.jar;C:\software_envronment\java\jdk1.8.0_91\jre\lib\rt.jar;C:\software_envronment\java\jdk1.8.0_91\jre\lib\sunrsasign.jar;C:\software_envronment\java\jdk1.8.0_91\jre\lib\jsse.jar;C:\software_envronment\java\jdk1.8.0_91\jre\lib\jce.jar;C:\software_envronment\java\jdk1.8.0_91\jre\lib\charsets.jar;C:\software_envronment\java\jdk1.8.0_91\jre\lib\jfr.jar;C:\software_envronment\java\jdk1.8.0_91\jre\classes"/>
    <property name="user.script" value=""/>
    <property name="sun.management.compiler" value="HotSpot 64-Bit Tiered Compilers"/>
    <property name="java.runtime.version" value="1.8.0_91-b15"/>
    <property name="user.name" value="10421"/>
    <property name="path.separator" value=";"/>
    <property name="os.version" value="10.0"/>
    <property name="java.endorsed.dirs" value="C:\software_envronment\java\jdk1.8.0_91\jre\lib\endorsed"/>
    <property name="java.runtime.name" value="Java(TM) SE Runtime Environment"/>
    <property name="file.encoding" value="GBK"/>
    <property name="java.vm.name" value="Java HotSpot(TM) 64-Bit Server VM"/>
    <property name="localRepository" value="D:\Maven"/>
    <property name="java.vendor.url.bug" value="http://bugreport.sun.com/bugreport/"/>
    <property name="java.io.tmpdir" value="C:\Users\10421\AppData\Local\Temp\"/>
    <property name="java.version" value="1.8.0_91"/>
    <property name="user.dir" value="C:\Users\10421\Documents\GitHub\jackdking-root\jackdking-print-starter"/>
    <property name="os.arch" value="amd64"/>
    <property name="java.vm.specification.name" value="Java Virtual Machine Specification"/>
    <property name="java.awt.printerjob" value="sun.awt.windows.WPrinterJob"/>
    <property name="sun.os.patch.level" value=""/>
    <property name="java.library.path" value="C:\software_envronment\java\jdk1.8.0_91\jre\bin;C:\WINDOWS\Sun\Java\bin;C:\WINDOWS\system32;C:\WINDOWS;C:/software_envronment/java/jdk1.8.0_91/bin/../jre/bin/server;C:/software_envronment/java/jdk1.8.0_91/bin/../jre/bin;C:/software_envronment/java/jdk1.8.0_91/bin/../jre/lib/amd64;C:\WINDOWS\system32;C:\WINDOWS;C:\WINDOWS\System32\Wbem;C:\WINDOWS\System32\WindowsPowerShell\v1.0\;C:\software_envronment\java\jdk1.8.0_91\bin;C:\software_envronment\java\jdk1.8.0_91\jre\bin;C:\software_envronment\mysql\mysql-8.0.11-winx64\bin;C:\WINDOWS\System32\OpenSSH\;D:\apache-jmeter-5.1.1\bin;C:\software_envronment\Redis-x64-3.0.504;D:\redis\;C:\ProgramData\chocolatey\bin;D:\nodejs\;D:\nodejs\node_global;D:\电脑软件\Git\cmd;D:\电脑软件\apache-maven-3.6.3\bin\;C:\software_envronment\python\Scripts\;C:\software_envronment\python\;C:\Users\10421\AppData\Local\Microsoft\WindowsApps;;D:\电脑软件\ssh;C:\Users\10421\AppData\Roaming\npm;C:\Users\10421\eclipse\java-oxygen\eclipse;;."/>
    <property name="java.vm.info" value="mixed mode"/>
    <property name="java.vendor" value="Oracle Corporation"/>
    <property name="java.vm.version" value="25.91-b15"/>
    <property name="java.ext.dirs" value="C:\software_envronment\java\jdk1.8.0_91\jre\lib\ext;C:\WINDOWS\Sun\Java\lib\ext"/>
    <property name="sun.io.unicode.encoding" value="UnicodeLittle"/>
    <property name="java.class.version" value="52.0"/>
  </properties>
  <testcase name="testApp" classname="org.jackdking.print.starter.AppTest" time="0.002"/>
</testsuite>