<?xml version="1.0" encoding="UTF-8"?>
<testsuite xmlns:xsi="http://www.w3.org/2001/XMLSchema-instance" xsi:noNamespaceSchemaLocation="https://maven.apache.org/surefire/maven-surefire-plugin/xsd/surefire-test-report.xsd" name="org.jackdking.print.starter.AppTest" time="0.005" tests="1" errors="0" skipped="0" failures="0">
  <properties>
    <property name="sun.desktop" value="windows"/>
    <property name="awt.toolkit" value="sun.awt.windows.WToolkit"/>
    <property name="file.encoding.pkg" value="sun.io"/>
    <property name="java.specification.version" value="1.8"/>
    <property name="sun.cpu.isalist" value="amd64"/>
    <property name="sun.jnu.encoding" value="GBK"/>
    <property name="java.class.path" value="D:\workspace\jackdking-root\jackdking-print-starter\target\test-classes;D:\workspace\jackdking-root\jackdking-print-starter\target\classes;C:\softwareEnviroment\Maven\junit\junit\3.8.1\junit-3.8.1.jar;C:\softwareEnviroment\Maven\org\springframework\boot\spring-boot-autoconfigure\2.1.4.RELEASE\spring-boot-autoconfigure-2.1.4.RELEASE.jar;C:\softwareEnviroment\Maven\org\springframework\boot\spring-boot\2.1.4.RELEASE\spring-boot-2.1.4.RELEASE.jar;C:\softwareEnviroment\Maven\org\springframework\spring-core\5.1.6.RELEASE\spring-core-5.1.6.RELEASE.jar;C:\softwareEnviroment\Maven\org\springframework\spring-jcl\5.1.6.RELEASE\spring-jcl-5.1.6.RELEASE.jar;C:\softwareEnviroment\Maven\org\springframework\spring-context\5.1.6.RELEASE\spring-context-5.1.6.RELEASE.jar;C:\softwareEnviroment\Maven\org\springframework\spring-aop\5.1.6.RELEASE\spring-aop-5.1.6.RELEASE.jar;C:\softwareEnviroment\Maven\org\springframework\spring-beans\5.1.6.RELEASE\spring-beans-5.1.6.RELEASE.jar;C:\softwareEnviroment\Maven\org\springframework\spring-expression\5.1.6.RELEASE\spring-expression-5.1.6.RELEASE.jar;C:\softwareEnviroment\Maven\org\projectlombok\lombok\1.18.6\lombok-1.18.6.jar;C:\softwareEnviroment\Maven\org\springframework\boot\spring-boot-configuration-processor\2.1.4.RELEASE\spring-boot-configuration-processor-2.1.4.RELEASE.jar;"/>
    <property name="java.vm.vendor" value="Oracle Corporation"/>
    <property name="sun.arch.data.model" value="64"/>
    <property name="user.variant" value=""/>
    <property name="java.vendor.url" value="http://java.oracle.com/"/>
    <property name="user.timezone" value="Asia/Shanghai"/>
    <property name="java.vm.specification.version" value="1.8"/>
    <property name="os.name" value="Windows 10"/>
    <property name="user.country" value="CN"/>
    <property name="sun.java.launcher" value="SUN_STANDARD"/>
    <property name="sun.boot.library.path" value="C:\softwareEnviroment\jdk\jdk1.8.0_121\jre\bin"/>
    <property name="sun.java.command" value="C:\Users\MINGSH~1\AppData\Local\Temp\surefire1239230252486414822\surefirebooter555851999352974164.jar C:\Users\mingshengwang\AppData\Local\Temp\surefire1239230252486414822 2021-03-30T16-28-43_860-jvmRun1 surefire7974768844731323139tmp surefire_07465763860116239630tmp"/>
    <property name="surefire.test.class.path" value="D:\workspace\jackdking-root\jackdking-print-starter\target\test-classes;D:\workspace\jackdking-root\jackdking-print-starter\target\classes;C:\softwareEnviroment\Maven\junit\junit\3.8.1\junit-3.8.1.jar;C:\softwareEnviroment\Maven\org\springframework\boot\spring-boot-autoconfigure\2.1.4.RELEASE\spring-boot-autoconfigure-2.1.4.RELEASE.jar;C:\softwareEnviroment\Maven\org\springframework\boot\spring-boot\2.1.4.RELEASE\spring-boot-2.1.4.RELEASE.jar;C:\softwareEnviroment\Maven\org\springframework\spring-core\5.1.6.RELEASE\spring-core-5.1.6.RELEASE.jar;C:\softwareEnviroment\Maven\org\springframework\spring-jcl\5.1.6.RELEASE\spring-jcl-5.1.6.RELEASE.jar;C:\softwareEnviroment\Maven\org\springframework\spring-context\5.1.6.RELEASE\spring-context-5.1.6.RELEASE.jar;C:\softwareEnviroment\Maven\org\springframework\spring-aop\5.1.6.RELEASE\spring-aop-5.1.6.RELEASE.jar;C:\softwareEnviroment\Maven\org\springframework\spring-beans\5.1.6.RELEASE\spring-beans-5.1.6.RELEASE.jar;C:\softwareEnviroment\Maven\org\springframework\spring-expression\5.1.6.RELEASE\spring-expression-5.1.6.RELEASE.jar;C:\softwareEnviroment\Maven\org\projectlombok\lombok\1.18.6\lombok-1.18.6.jar;C:\softwareEnviroment\Maven\org\springframework\boot\spring-boot-configuration-processor\2.1.4.RELEASE\spring-boot-configuration-processor-2.1.4.RELEASE.jar;"/>
    <property name="sun.cpu.endian" value="little"/>
    <property name="user.home" value="C:\Users\mingshengwang"/>
    <property name="user.language" value="zh"/>
    <property name="java.specification.vendor" value="Oracle Corporation"/>
    <property name="java.home" value="C:\softwareEnviroment\jdk\jdk1.8.0_121\jre"/>
    <property name="basedir" value="D:\workspace\jackdking-root\jackdking-print-starter"/>
    <property name="file.separator" value="\"/>
    <property name="line.separator" value="&#10;"/>
    <property name="java.vm.specification.vendor" value="Oracle Corporation"/>
    <property name="java.specification.name" value="Java Platform API Specification"/>
    <property name="java.awt.graphicsenv" value="sun.awt.Win32GraphicsEnvironment"/>
    <property name="surefire.real.class.path" value="C:\Users\MINGSH~1\AppData\Local\Temp\surefire1239230252486414822\surefirebooter555851999352974164.jar"/>
    <property name="sun.boot.class.path" value="C:\softwareEnviroment\jdk\jdk1.8.0_121\jre\lib\resources.jar;C:\softwareEnviroment\jdk\jdk1.8.0_121\jre\lib\rt.jar;C:\softwareEnviroment\jdk\jdk1.8.0_121\jre\lib\sunrsasign.jar;C:\softwareEnviroment\jdk\jdk1.8.0_121\jre\lib\jsse.jar;C:\softwareEnviroment\jdk\jdk1.8.0_121\jre\lib\jce.jar;C:\softwareEnviroment\jdk\jdk1.8.0_121\jre\lib\charsets.jar;C:\softwareEnviroment\jdk\jdk1.8.0_121\jre\lib\jfr.jar;C:\softwareEnviroment\jdk\jdk1.8.0_121\jre\classes"/>
    <property name="user.script" value=""/>
    <property name="sun.management.compiler" value="HotSpot 64-Bit Tiered Compilers"/>
    <property name="java.runtime.version" value="1.8.0_121-b13"/>
    <property name="user.name" value="mingshengwang"/>
    <property name="path.separator" value=";"/>
    <property name="os.version" value="10.0"/>
    <property name="java.endorsed.dirs" value="C:\softwareEnviroment\jdk\jdk1.8.0_121\jre\lib\endorsed"/>
    <property name="java.runtime.name" value="Java(TM) SE Runtime Environment"/>
    <property name="file.encoding" value="GBK"/>
    <property name="java.vm.name" value="Java HotSpot(TM) 64-Bit Server VM"/>
    <property name="localRepository" value="C:\softwareEnviroment\Maven"/>
    <property name="java.vendor.url.bug" value="http://bugreport.sun.com/bugreport/"/>
    <property name="java.io.tmpdir" value="C:\Users\MINGSH~1\AppData\Local\Temp\"/>
    <property name="java.version" value="1.8.0_121"/>
    <property name="user.dir" value="D:\workspace\jackdking-root\jackdking-print-starter"/>
    <property name="os.arch" value="amd64"/>
    <property name="java.vm.specification.name" value="Java Virtual Machine Specification"/>
    <property name="java.awt.printerjob" value="sun.awt.windows.WPrinterJob"/>
    <property name="sun.os.patch.level" value=""/>
    <property name="java.library.path" value="C:\softwareEnviroment\jdk\jdk1.8.0_121\jre\bin;C:\windows\Sun\Java\bin;C:\windows\system32;C:\windows;C:/softwareEnviroment/jdk/jdk1.8.0_121/bin/../jre/bin/server;C:/softwareEnviroment/jdk/jdk1.8.0_121/bin/../jre/bin;C:/softwareEnviroment/jdk/jdk1.8.0_121/bin/../jre/lib/amd64;D:\worksoftware\python379\Scripts\;D:\worksoftware\python379\;C:\windows\system32;C:\windows;C:\windows\System32\Wbem;C:\windows\System32\WindowsPowerShell\v1.0\;C:\windows\System32\OpenSSH\;C:\softwareEnviroment\jdk\jdk1.8.0_121\bin;C:\softwareEnviroment\apache-maven-3.6.3\bin;D:\worksoftware\svn\bin;D:\worksoftware\Git\cmd;D:\worksoftware\nodejs;D:\worksoftware\python379\Scripts;D:\worksoftware\redis\;C:\Users\mingshengwang\AppData\Local\Microsoft\WindowsApps;D:\worksoftware\eclipse;;."/>
    <property name="java.vm.info" value="mixed mode"/>
    <property name="java.vendor" value="Oracle Corporation"/>
    <property name="java.vm.version" value="25.121-b13"/>
    <property name="java.ext.dirs" value="C:\softwareEnviroment\jdk\jdk1.8.0_121\jre\lib\ext;C:\windows\Sun\Java\lib\ext"/>
    <property name="sun.io.unicode.encoding" value="UnicodeLittle"/>
    <property name="java.class.version" value="52.0"/>
  </properties>
  <testcase name="testApp" classname="org.jackdking.print.starter.AppTest" time="0.001"/>
</testsuite>