<?xml version="1.0" encoding="UTF-8"?>
<testsuite xmlns:xsi="http://www.w3.org/2001/XMLSchema-instance" xsi:noNamespaceSchemaLocation="https://maven.apache.org/surefire/maven-surefire-plugin/xsd/surefire-test-report.xsd" name="org.jackdking.common.AppTest" time="0.006" tests="1" errors="0" skipped="0" failures="0">
  <properties>
    <property name="sun.desktop" value="windows"/>
    <property name="awt.toolkit" value="sun.awt.windows.WToolkit"/>
    <property name="file.encoding.pkg" value="sun.io"/>
    <property name="java.specification.version" value="1.8"/>
    <property name="sun.cpu.isalist" value="amd64"/>
    <property name="sun.jnu.encoding" value="GBK"/>
    <property name="java.class.path" value="C:\Users\10421\Documents\GitHub\jackdking-root\jackdking-common\target\test-classes;C:\Users\10421\Documents\GitHub\jackdking-root\jackdking-common\target\classes;D:\Maven\junit\junit\3.8.1\junit-3.8.1.jar;D:\Maven\org\springframework\boot\spring-boot-starter-web\2.1.0.RELEASE\spring-boot-starter-web-2.1.0.RELEASE.jar;D:\Maven\org\springframework\boot\spring-boot-starter\2.1.0.RELEASE\spring-boot-starter-2.1.0.RELEASE.jar;D:\Maven\org\springframework\boot\spring-boot\2.1.0.RELEASE\spring-boot-2.1.0.RELEASE.jar;D:\Maven\org\springframework\boot\spring-boot-autoconfigure\2.1.0.RELEASE\spring-boot-autoconfigure-2.1.0.RELEASE.jar;D:\Maven\org\springframework\boot\spring-boot-starter-logging\2.1.0.RELEASE\spring-boot-starter-logging-2.1.0.RELEASE.jar;D:\Maven\ch\qos\logback\logback-classic\1.2.3\logback-classic-1.2.3.jar;D:\Maven\ch\qos\logback\logback-core\1.2.3\logback-core-1.2.3.jar;D:\Maven\org\apache\logging\log4j\log4j-to-slf4j\2.11.1\log4j-to-slf4j-2.11.1.jar;D:\Maven\org\apache\logging\log4j\log4j-api\2.11.1\log4j-api-2.11.1.jar;D:\Maven\org\slf4j\jul-to-slf4j\1.7.25\jul-to-slf4j-1.7.25.jar;D:\Maven\javax\annotation\javax.annotation-api\1.3.2\javax.annotation-api-1.3.2.jar;D:\Maven\org\yaml\snakeyaml\1.23\snakeyaml-1.23.jar;D:\Maven\org\springframework\boot\spring-boot-starter-json\2.1.0.RELEASE\spring-boot-starter-json-2.1.0.RELEASE.jar;D:\Maven\com\fasterxml\jackson\core\jackson-databind\2.9.7\jackson-databind-2.9.7.jar;D:\Maven\com\fasterxml\jackson\core\jackson-annotations\2.9.0\jackson-annotations-2.9.0.jar;D:\Maven\com\fasterxml\jackson\core\jackson-core\2.9.7\jackson-core-2.9.7.jar;D:\Maven\com\fasterxml\jackson\datatype\jackson-datatype-jdk8\2.9.7\jackson-datatype-jdk8-2.9.7.jar;D:\Maven\com\fasterxml\jackson\datatype\jackson-datatype-jsr310\2.9.7\jackson-datatype-jsr310-2.9.7.jar;D:\Maven\com\fasterxml\jackson\module\jackson-module-parameter-names\2.9.7\jackson-module-parameter-names-2.9.7.jar;D:\Maven\org\springframework\boot\spring-boot-starter-tomcat\2.1.0.RELEASE\spring-boot-starter-tomcat-2.1.0.RELEASE.jar;D:\Maven\org\apache\tomcat\embed\tomcat-embed-core\9.0.12\tomcat-embed-core-9.0.12.jar;D:\Maven\org\apache\tomcat\embed\tomcat-embed-el\9.0.12\tomcat-embed-el-9.0.12.jar;D:\Maven\org\apache\tomcat\embed\tomcat-embed-websocket\9.0.12\tomcat-embed-websocket-9.0.12.jar;D:\Maven\org\hibernate\validator\hibernate-validator\6.0.13.Final\hibernate-validator-6.0.13.Final.jar;D:\Maven\javax\validation\validation-api\2.0.1.Final\validation-api-2.0.1.Final.jar;D:\Maven\org\jboss\logging\jboss-logging\3.3.2.Final\jboss-logging-3.3.2.Final.jar;D:\Maven\com\fasterxml\classmate\1.4.0\classmate-1.4.0.jar;D:\Maven\org\springframework\spring-web\5.1.2.RELEASE\spring-web-5.1.2.RELEASE.jar;D:\Maven\org\springframework\spring-beans\5.1.2.RELEASE\spring-beans-5.1.2.RELEASE.jar;D:\Maven\org\springframework\spring-webmvc\5.1.2.RELEASE\spring-webmvc-5.1.2.RELEASE.jar;D:\Maven\org\springframework\spring-aop\5.1.2.RELEASE\spring-aop-5.1.2.RELEASE.jar;D:\Maven\org\springframework\spring-context\5.1.2.RELEASE\spring-context-5.1.2.RELEASE.jar;D:\Maven\org\springframework\spring-expression\5.1.2.RELEASE\spring-expression-5.1.2.RELEASE.jar;D:\Maven\org\springframework\boot\spring-boot-starter-test\2.1.0.RELEASE\spring-boot-starter-test-2.1.0.RELEASE.jar;D:\Maven\org\springframework\boot\spring-boot-test\2.1.0.RELEASE\spring-boot-test-2.1.0.RELEASE.jar;D:\Maven\org\springframework\boot\spring-boot-test-autoconfigure\2.1.0.RELEASE\spring-boot-test-autoconfigure-2.1.0.RELEASE.jar;D:\Maven\com\jayway\jsonpath\json-path\2.4.0\json-path-2.4.0.jar;D:\Maven\net\minidev\json-smart\2.3\json-smart-2.3.jar;D:\Maven\net\minidev\accessors-smart\1.2\accessors-smart-1.2.jar;D:\Maven\org\ow2\asm\asm\5.0.4\asm-5.0.4.jar;D:\Maven\org\slf4j\slf4j-api\1.7.25\slf4j-api-1.7.25.jar;D:\Maven\org\assertj\assertj-core\3.11.1\assertj-core-3.11.1.jar;D:\Maven\org\mockito\mockito-core\2.23.0\mockito-core-2.23.0.jar;D:\Maven\net\bytebuddy\byte-buddy\1.9.3\byte-buddy-1.9.3.jar;D:\Maven\net\bytebuddy\byte-buddy-agent\1.9.3\byte-buddy-agent-1.9.3.jar;D:\Maven\org\objenesis\objenesis\2.6\objenesis-2.6.jar;D:\Maven\org\hamcrest\hamcrest-core\1.3\hamcrest-core-1.3.jar;D:\Maven\org\hamcrest\hamcrest-library\1.3\hamcrest-library-1.3.jar;D:\Maven\org\skyscreamer\jsonassert\1.5.0\jsonassert-1.5.0.jar;D:\Maven\com\vaadin\external\google\android-json\0.0.20131108.vaadin1\android-json-0.0.20131108.vaadin1.jar;D:\Maven\org\springframework\spring-core\5.1.2.RELEASE\spring-core-5.1.2.RELEASE.jar;D:\Maven\org\springframework\spring-jcl\5.1.2.RELEASE\spring-jcl-5.1.2.RELEASE.jar;D:\Maven\org\springframework\spring-test\5.1.2.RELEASE\spring-test-5.1.2.RELEASE.jar;D:\Maven\org\xmlunit\xmlunit-core\2.6.2\xmlunit-core-2.6.2.jar;"/>
    <property name="java.vm.vendor" value="Oracle Corporation"/>
    <property name="sun.arch.data.model" value="64"/>
    <property name="user.variant" value=""/>
    <property name="java.vendor.url" value="http://java.oracle.com/"/>
    <property name="user.timezone" value="Asia/Shanghai"/>
    <property name="java.vm.specification.version" value="1.8"/>
    <property name="os.name" value="Windows 10"/>
    <property name="user.country" value="CN"/>
    <property name="sun.java.launcher" value="SUN_STANDARD"/>
    <property name="sun.boot.library.path" value="C:\software_envronment\java\jdk1.8.0_91\jre\bin"/>
    <property name="sun.java.command" value="C:\Users\10421\AppData\Local\Temp\surefire794056475807371261\surefirebooter7660794502634840147.jar C:\Users\10421\AppData\Local\Temp\surefire794056475807371261 2019-11-23T23-47-07_663-jvmRun1 surefire4211389626149454533tmp surefire_05047216875816773221tmp"/>
    <property name="surefire.test.class.path" value="C:\Users\10421\Documents\GitHub\jackdking-root\jackdking-common\target\test-classes;C:\Users\10421\Documents\GitHub\jackdking-root\jackdking-common\target\classes;D:\Maven\junit\junit\3.8.1\junit-3.8.1.jar;D:\Maven\org\springframework\boot\spring-boot-starter-web\2.1.0.RELEASE\spring-boot-starter-web-2.1.0.RELEASE.jar;D:\Maven\org\springframework\boot\spring-boot-starter\2.1.0.RELEASE\spring-boot-starter-2.1.0.RELEASE.jar;D:\Maven\org\springframework\boot\spring-boot\2.1.0.RELEASE\spring-boot-2.1.0.RELEASE.jar;D:\Maven\org\springframework\boot\spring-boot-autoconfigure\2.1.0.RELEASE\spring-boot-autoconfigure-2.1.0.RELEASE.jar;D:\Maven\org\springframework\boot\spring-boot-starter-logging\2.1.0.RELEASE\spring-boot-starter-logging-2.1.0.RELEASE.jar;D:\Maven\ch\qos\logback\logback-classic\1.2.3\logback-classic-1.2.3.jar;D:\Maven\ch\qos\logback\logback-core\1.2.3\logback-core-1.2.3.jar;D:\Maven\org\apache\logging\log4j\log4j-to-slf4j\2.11.1\log4j-to-slf4j-2.11.1.jar;D:\Maven\org\apache\logging\log4j\log4j-api\2.11.1\log4j-api-2.11.1.jar;D:\Maven\org\slf4j\jul-to-slf4j\1.7.25\jul-to-slf4j-1.7.25.jar;D:\Maven\javax\annotation\javax.annotation-api\1.3.2\javax.annotation-api-1.3.2.jar;D:\Maven\org\yaml\snakeyaml\1.23\snakeyaml-1.23.jar;D:\Maven\org\springframework\boot\spring-boot-starter-json\2.1.0.RELEASE\spring-boot-starter-json-2.1.0.RELEASE.jar;D:\Maven\com\fasterxml\jackson\core\jackson-databind\2.9.7\jackson-databind-2.9.7.jar;D:\Maven\com\fasterxml\jackson\core\jackson-annotations\2.9.0\jackson-annotations-2.9.0.jar;D:\Maven\com\fasterxml\jackson\core\jackson-core\2.9.7\jackson-core-2.9.7.jar;D:\Maven\com\fasterxml\jackson\datatype\jackson-datatype-jdk8\2.9.7\jackson-datatype-jdk8-2.9.7.jar;D:\Maven\com\fasterxml\jackson\datatype\jackson-datatype-jsr310\2.9.7\jackson-datatype-jsr310-2.9.7.jar;D:\Maven\com\fasterxml\jackson\module\jackson-module-parameter-names\2.9.7\jackson-module-parameter-names-2.9.7.jar;D:\Maven\org\springframework\boot\spring-boot-starter-tomcat\2.1.0.RELEASE\spring-boot-starter-tomcat-2.1.0.RELEASE.jar;D:\Maven\org\apache\tomcat\embed\tomcat-embed-core\9.0.12\tomcat-embed-core-9.0.12.jar;D:\Maven\org\apache\tomcat\embed\tomcat-embed-el\9.0.12\tomcat-embed-el-9.0.12.jar;D:\Maven\org\apache\tomcat\embed\tomcat-embed-websocket\9.0.12\tomcat-embed-websocket-9.0.12.jar;D:\Maven\org\hibernate\validator\hibernate-validator\6.0.13.Final\hibernate-validator-6.0.13.Final.jar;D:\Maven\javax\validation\validation-api\2.0.1.Final\validation-api-2.0.1.Final.jar;D:\Maven\org\jboss\logging\jboss-logging\3.3.2.Final\jboss-logging-3.3.2.Final.jar;D:\Maven\com\fasterxml\classmate\1.4.0\classmate-1.4.0.jar;D:\Maven\org\springframework\spring-web\5.1.2.RELEASE\spring-web-5.1.2.RELEASE.jar;D:\Maven\org\springframework\spring-beans\5.1.2.RELEASE\spring-beans-5.1.2.RELEASE.jar;D:\Maven\org\springframework\spring-webmvc\5.1.2.RELEASE\spring-webmvc-5.1.2.RELEASE.jar;D:\Maven\org\springframework\spring-aop\5.1.2.RELEASE\spring-aop-5.1.2.RELEASE.jar;D:\Maven\org\springframework\spring-context\5.1.2.RELEASE\spring-context-5.1.2.RELEASE.jar;D:\Maven\org\springframework\spring-expression\5.1.2.RELEASE\spring-expression-5.1.2.RELEASE.jar;D:\Maven\org\springframework\boot\spring-boot-starter-test\2.1.0.RELEASE\spring-boot-starter-test-2.1.0.RELEASE.jar;D:\Maven\org\springframework\boot\spring-boot-test\2.1.0.RELEASE\spring-boot-test-2.1.0.RELEASE.jar;D:\Maven\org\springframework\boot\spring-boot-test-autoconfigure\2.1.0.RELEASE\spring-boot-test-autoconfigure-2.1.0.RELEASE.jar;D:\Maven\com\jayway\jsonpath\json-path\2.4.0\json-path-2.4.0.jar;D:\Maven\net\minidev\json-smart\2.3\json-smart-2.3.jar;D:\Maven\net\minidev\accessors-smart\1.2\accessors-smart-1.2.jar;D:\Maven\org\ow2\asm\asm\5.0.4\asm-5.0.4.jar;D:\Maven\org\slf4j\slf4j-api\1.7.25\slf4j-api-1.7.25.jar;D:\Maven\org\assertj\assertj-core\3.11.1\assertj-core-3.11.1.jar;D:\Maven\org\mockito\mockito-core\2.23.0\mockito-core-2.23.0.jar;D:\Maven\net\bytebuddy\byte-buddy\1.9.3\byte-buddy-1.9.3.jar;D:\Maven\net\bytebuddy\byte-buddy-agent\1.9.3\byte-buddy-agent-1.9.3.jar;D:\Maven\org\objenesis\objenesis\2.6\objenesis-2.6.jar;D:\Maven\org\hamcrest\hamcrest-core\1.3\hamcrest-core-1.3.jar;D:\Maven\org\hamcrest\hamcrest-library\1.3\hamcrest-library-1.3.jar;D:\Maven\org\skyscreamer\jsonassert\1.5.0\jsonassert-1.5.0.jar;D:\Maven\com\vaadin\external\google\android-json\0.0.20131108.vaadin1\android-json-0.0.20131108.vaadin1.jar;D:\Maven\org\springframework\spring-core\5.1.2.RELEASE\spring-core-5.1.2.RELEASE.jar;D:\Maven\org\springframework\spring-jcl\5.1.2.RELEASE\spring-jcl-5.1.2.RELEASE.jar;D:\Maven\org\springframework\spring-test\5.1.2.RELEASE\spring-test-5.1.2.RELEASE.jar;D:\Maven\org\xmlunit\xmlunit-core\2.6.2\xmlunit-core-2.6.2.jar;"/>
    <property name="sun.cpu.endian" value="little"/>
    <property name="user.home" value="C:\Users\10421"/>
    <property name="user.language" value="zh"/>
    <property name="java.specification.vendor" value="Oracle Corporation"/>
    <property name="java.home" value="C:\software_envronment\java\jdk1.8.0_91\jre"/>
    <property name="basedir" value="C:\Users\10421\Documents\GitHub\jackdking-root\jackdking-common"/>
    <property name="file.separator" value="\"/>
    <property name="line.separator" value="&#10;"/>
    <property name="java.vm.specification.vendor" value="Oracle Corporation"/>
    <property name="java.specification.name" value="Java Platform API Specification"/>
    <property name="java.awt.graphicsenv" value="sun.awt.Win32GraphicsEnvironment"/>
    <property name="surefire.real.class.path" value="C:\Users\10421\AppData\Local\Temp\surefire794056475807371261\surefirebooter7660794502634840147.jar"/>
    <property name="sun.boot.class.path" value="C:\software_envronment\java\jdk1.8.0_91\jre\lib\resources.jar;C:\software_envronment\java\jdk1.8.0_91\jre\lib\rt.jar;C:\software_envronment\java\jdk1.8.0_91\jre\lib\sunrsasign.jar;C:\software_envronment\java\jdk1.8.0_91\jre\lib\jsse.jar;C:\software_envronment\java\jdk1.8.0_91\jre\lib\jce.jar;C:\software_envronment\java\jdk1.8.0_91\jre\lib\charsets.jar;C:\software_envronment\java\jdk1.8.0_91\jre\lib\jfr.jar;C:\software_envronment\java\jdk1.8.0_91\jre\classes"/>
    <property name="user.script" value=""/>
    <property name="sun.management.compiler" value="HotSpot 64-Bit Tiered Compilers"/>
    <property name="java.runtime.version" value="1.8.0_91-b15"/>
    <property name="user.name" value="10421"/>
    <property name="path.separator" value=";"/>
    <property name="os.version" value="10.0"/>
    <property name="java.endorsed.dirs" value="C:\software_envronment\java\jdk1.8.0_91\jre\lib\endorsed"/>
    <property name="java.runtime.name" value="Java(TM) SE Runtime Environment"/>
    <property name="file.encoding" value="GBK"/>
    <property name="java.vm.name" value="Java HotSpot(TM) 64-Bit Server VM"/>
    <property name="localRepository" value="D:\Maven"/>
    <property name="java.vendor.url.bug" value="http://bugreport.sun.com/bugreport/"/>
    <property name="java.io.tmpdir" value="C:\Users\10421\AppData\Local\Temp\"/>
    <property name="java.version" value="1.8.0_91"/>
    <property name="user.dir" value="C:\Users\10421\Documents\GitHub\jackdking-root\jackdking-common"/>
    <property name="os.arch" value="amd64"/>
    <property name="java.vm.specification.name" value="Java Virtual Machine Specification"/>
    <property name="java.awt.printerjob" value="sun.awt.windows.WPrinterJob"/>
    <property name="sun.os.patch.level" value=""/>
    <property name="java.library.path" value="C:\software_envronment\java\jdk1.8.0_91\jre\bin;C:\WINDOWS\Sun\Java\bin;C:\WINDOWS\system32;C:\WINDOWS;C:/software_envronment/java/jdk1.8.0_91/bin/../jre/bin/server;C:/software_envronment/java/jdk1.8.0_91/bin/../jre/bin;C:/software_envronment/java/jdk1.8.0_91/bin/../jre/lib/amd64;C:\WINDOWS\system32;C:\WINDOWS;C:\WINDOWS\System32\Wbem;C:\WINDOWS\System32\WindowsPowerShell\v1.0\;C:\software_envronment\java\jdk1.8.0_91\bin;C:\software_envronment\java\jdk1.8.0_91\jre\bin;C:\software_envronment\mysql\mysql-8.0.11-winx64\bin;C:\WINDOWS\System32\OpenSSH\;D:\apache-jmeter-5.1.1\bin;C:\software_envronment\Redis-x64-3.0.504;C:\Users\10421\AppData\Local\Microsoft\WindowsApps;;D:\电脑软件\ssh;C:\Users\10421\eclipse\java-oxygen\eclipse;;."/>
    <property name="java.vm.info" value="mixed mode"/>
    <property name="java.vendor" value="Oracle Corporation"/>
    <property name="java.vm.version" value="25.91-b15"/>
    <property name="java.ext.dirs" value="C:\software_envronment\java\jdk1.8.0_91\jre\lib\ext;C:\WINDOWS\Sun\Java\lib\ext"/>
    <property name="sun.io.unicode.encoding" value="UnicodeLittle"/>
    <property name="java.class.version" value="52.0"/>
  </properties>
  <testcase name="testApp" classname="org.jackdking.common.AppTest" time="0.001"/>
</testsuite>