<?xml version="1.0" encoding="UTF-8"?>
<testsuite xmlns:xsi="http://www.w3.org/2001/XMLSchema-instance" xsi:noNamespaceSchemaLocation="https://maven.apache.org/surefire/maven-surefire-plugin/xsd/surefire-test-report.xsd" name="springboot.DynamicDatasourceAnnoApplicationTests" time="21.442" tests="3" errors="0" skipped="0" failures="0">
  <properties>
    <property name="sun.desktop" value="windows"/>
    <property name="awt.toolkit" value="sun.awt.windows.WToolkit"/>
    <property name="file.encoding.pkg" value="sun.io"/>
    <property name="java.specification.version" value="1.8"/>
    <property name="sun.cpu.isalist" value="amd64"/>
    <property name="sun.jnu.encoding" value="GBK"/>
    <property name="java.class.path" value="D:\tool\eclipse\workspace\jackdking-root\jackdking-datasource\target\test-classes;D:\tool\eclipse\workspace\jackdking-root\jackdking-datasource\target\classes;D:\paycenterMaven\junit\junit\4.12\junit-4.12.jar;D:\paycenterMaven\org\hamcrest\hamcrest-core\1.3\hamcrest-core-1.3.jar;D:\paycenterMaven\org\springframework\boot\spring-boot-starter-web\2.1.2.RELEASE\spring-boot-starter-web-2.1.2.RELEASE.jar;D:\paycenterMaven\org\springframework\boot\spring-boot-starter\2.1.2.RELEASE\spring-boot-starter-2.1.2.RELEASE.jar;D:\paycenterMaven\org\springframework\boot\spring-boot\2.1.2.RELEASE\spring-boot-2.1.2.RELEASE.jar;D:\paycenterMaven\org\springframework\boot\spring-boot-autoconfigure\2.1.2.RELEASE\spring-boot-autoconfigure-2.1.2.RELEASE.jar;D:\paycenterMaven\org\springframework\boot\spring-boot-starter-logging\2.1.2.RELEASE\spring-boot-starter-logging-2.1.2.RELEASE.jar;D:\paycenterMaven\ch\qos\logback\logback-classic\1.2.3\logback-classic-1.2.3.jar;D:\paycenterMaven\ch\qos\logback\logback-core\1.2.3\logback-core-1.2.3.jar;D:\paycenterMaven\org\apache\logging\log4j\log4j-to-slf4j\2.11.1\log4j-to-slf4j-2.11.1.jar;D:\paycenterMaven\org\apache\logging\log4j\log4j-api\2.11.1\log4j-api-2.11.1.jar;D:\paycenterMaven\org\slf4j\jul-to-slf4j\1.7.25\jul-to-slf4j-1.7.25.jar;D:\paycenterMaven\javax\annotation\javax.annotation-api\1.3.2\javax.annotation-api-1.3.2.jar;D:\paycenterMaven\org\yaml\snakeyaml\1.23\snakeyaml-1.23.jar;D:\paycenterMaven\org\springframework\boot\spring-boot-starter-json\2.1.2.RELEASE\spring-boot-starter-json-2.1.2.RELEASE.jar;D:\paycenterMaven\com\fasterxml\jackson\core\jackson-databind\2.9.8\jackson-databind-2.9.8.jar;D:\paycenterMaven\com\fasterxml\jackson\core\jackson-annotations\2.9.0\jackson-annotations-2.9.0.jar;D:\paycenterMaven\com\fasterxml\jackson\core\jackson-core\2.9.8\jackson-core-2.9.8.jar;D:\paycenterMaven\com\fasterxml\jackson\datatype\jackson-datatype-jdk8\2.9.8\jackson-datatype-jdk8-2.9.8.jar;D:\paycenterMaven\com\fasterxml\jackson\datatype\jackson-datatype-jsr310\2.9.8\jackson-datatype-jsr310-2.9.8.jar;D:\paycenterMaven\com\fasterxml\jackson\module\jackson-module-parameter-names\2.9.8\jackson-module-parameter-names-2.9.8.jar;D:\paycenterMaven\org\springframework\boot\spring-boot-starter-tomcat\2.1.2.RELEASE\spring-boot-starter-tomcat-2.1.2.RELEASE.jar;D:\paycenterMaven\org\apache\tomcat\embed\tomcat-embed-core\9.0.14\tomcat-embed-core-9.0.14.jar;D:\paycenterMaven\org\apache\tomcat\embed\tomcat-embed-el\9.0.14\tomcat-embed-el-9.0.14.jar;D:\paycenterMaven\org\apache\tomcat\embed\tomcat-embed-websocket\9.0.14\tomcat-embed-websocket-9.0.14.jar;D:\paycenterMaven\org\hibernate\validator\hibernate-validator\6.0.14.Final\hibernate-validator-6.0.14.Final.jar;D:\paycenterMaven\javax\validation\validation-api\2.0.1.Final\validation-api-2.0.1.Final.jar;D:\paycenterMaven\org\jboss\logging\jboss-logging\3.3.2.Final\jboss-logging-3.3.2.Final.jar;D:\paycenterMaven\com\fasterxml\classmate\1.4.0\classmate-1.4.0.jar;D:\paycenterMaven\org\springframework\spring-web\5.1.4.RELEASE\spring-web-5.1.4.RELEASE.jar;D:\paycenterMaven\org\springframework\spring-beans\5.1.4.RELEASE\spring-beans-5.1.4.RELEASE.jar;D:\paycenterMaven\org\springframework\spring-webmvc\5.1.4.RELEASE\spring-webmvc-5.1.4.RELEASE.jar;D:\paycenterMaven\org\springframework\spring-aop\5.1.4.RELEASE\spring-aop-5.1.4.RELEASE.jar;D:\paycenterMaven\org\springframework\spring-context\5.1.4.RELEASE\spring-context-5.1.4.RELEASE.jar;D:\paycenterMaven\org\springframework\spring-expression\5.1.4.RELEASE\spring-expression-5.1.4.RELEASE.jar;D:\paycenterMaven\org\springframework\boot\spring-boot-configuration-processor\2.1.2.RELEASE\spring-boot-configuration-processor-2.1.2.RELEASE.jar;D:\paycenterMaven\org\mybatis\spring\boot\mybatis-spring-boot-starter\1.3.2\mybatis-spring-boot-starter-1.3.2.jar;D:\paycenterMaven\org\springframework\boot\spring-boot-starter-jdbc\2.1.2.RELEASE\spring-boot-starter-jdbc-2.1.2.RELEASE.jar;D:\paycenterMaven\com\zaxxer\HikariCP\3.2.0\HikariCP-3.2.0.jar;D:\paycenterMaven\org\springframework\spring-jdbc\5.1.4.RELEASE\spring-jdbc-5.1.4.RELEASE.jar;D:\paycenterMaven\org\springframework\spring-tx\5.1.4.RELEASE\spring-tx-5.1.4.RELEASE.jar;D:\paycenterMaven\org\mybatis\spring\boot\mybatis-spring-boot-autoconfigure\1.3.2\mybatis-spring-boot-autoconfigure-1.3.2.jar;D:\paycenterMaven\org\mybatis\mybatis\3.4.6\mybatis-3.4.6.jar;D:\paycenterMaven\org\mybatis\mybatis-spring\1.3.2\mybatis-spring-1.3.2.jar;D:\paycenterMaven\mysql\mysql-connector-java\8.0.13\mysql-connector-java-8.0.13.jar;D:\paycenterMaven\org\springframework\boot\spring-boot-starter-test\2.1.2.RELEASE\spring-boot-starter-test-2.1.2.RELEASE.jar;D:\paycenterMaven\org\springframework\boot\spring-boot-test\2.1.2.RELEASE\spring-boot-test-2.1.2.RELEASE.jar;D:\paycenterMaven\org\springframework\boot\spring-boot-test-autoconfigure\2.1.2.RELEASE\spring-boot-test-autoconfigure-2.1.2.RELEASE.jar;D:\paycenterMaven\com\jayway\jsonpath\json-path\2.4.0\json-path-2.4.0.jar;D:\paycenterMaven\net\minidev\json-smart\2.3\json-smart-2.3.jar;D:\paycenterMaven\net\minidev\accessors-smart\1.2\accessors-smart-1.2.jar;D:\paycenterMaven\org\ow2\asm\asm\5.0.4\asm-5.0.4.jar;D:\paycenterMaven\org\slf4j\slf4j-api\1.7.25\slf4j-api-1.7.25.jar;D:\paycenterMaven\org\assertj\assertj-core\3.11.1\assertj-core-3.11.1.jar;D:\paycenterMaven\org\mockito\mockito-core\2.23.4\mockito-core-2.23.4.jar;D:\paycenterMaven\net\bytebuddy\byte-buddy\1.9.7\byte-buddy-1.9.7.jar;D:\paycenterMaven\net\bytebuddy\byte-buddy-agent\1.9.7\byte-buddy-agent-1.9.7.jar;D:\paycenterMaven\org\objenesis\objenesis\2.6\objenesis-2.6.jar;D:\paycenterMaven\org\hamcrest\hamcrest-library\1.3\hamcrest-library-1.3.jar;D:\paycenterMaven\org\skyscreamer\jsonassert\1.5.0\jsonassert-1.5.0.jar;D:\paycenterMaven\com\vaadin\external\google\android-json\0.0.20131108.vaadin1\android-json-0.0.20131108.vaadin1.jar;D:\paycenterMaven\org\springframework\spring-core\5.1.4.RELEASE\spring-core-5.1.4.RELEASE.jar;D:\paycenterMaven\org\springframework\spring-jcl\5.1.4.RELEASE\spring-jcl-5.1.4.RELEASE.jar;D:\paycenterMaven\org\springframework\spring-test\5.1.4.RELEASE\spring-test-5.1.4.RELEASE.jar;D:\paycenterMaven\org\xmlunit\xmlunit-core\2.6.2\xmlunit-core-2.6.2.jar;D:\paycenterMaven\org\aspectj\aspectjweaver\1.8.7\aspectjweaver-1.8.7.jar;"/>
    <property name="java.vm.vendor" value="Oracle Corporation"/>
    <property name="sun.arch.data.model" value="64"/>
    <property name="user.variant" value=""/>
    <property name="java.vendor.url" value="http://java.oracle.com/"/>
    <property name="user.timezone" value="Asia/Shanghai"/>
    <property name="java.vm.specification.version" value="1.8"/>
    <property name="os.name" value="Windows 10"/>
    <property name="user.country" value="CN"/>
    <property name="sun.java.launcher" value="SUN_STANDARD"/>
    <property name="sun.boot.library.path" value="C:\softwareEnviroment\jdk\jdk1.8.0_121\jre\bin"/>
    <property name="sun.java.command" value="C:\Users\MINGSH~1\AppData\Local\Temp\surefire6174602115166350107\surefirebooter1258321757265480297.jar C:\Users\mingshengwang\AppData\Local\Temp\surefire6174602115166350107 2019-11-01T23-35-05_973-jvmRun1 surefire6914250763852480265tmp surefire_03574172598285894061tmp"/>
    <property name="surefire.test.class.path" value="D:\tool\eclipse\workspace\jackdking-root\jackdking-datasource\target\test-classes;D:\tool\eclipse\workspace\jackdking-root\jackdking-datasource\target\classes;D:\paycenterMaven\junit\junit\4.12\junit-4.12.jar;D:\paycenterMaven\org\hamcrest\hamcrest-core\1.3\hamcrest-core-1.3.jar;D:\paycenterMaven\org\springframework\boot\spring-boot-starter-web\2.1.2.RELEASE\spring-boot-starter-web-2.1.2.RELEASE.jar;D:\paycenterMaven\org\springframework\boot\spring-boot-starter\2.1.2.RELEASE\spring-boot-starter-2.1.2.RELEASE.jar;D:\paycenterMaven\org\springframework\boot\spring-boot\2.1.2.RELEASE\spring-boot-2.1.2.RELEASE.jar;D:\paycenterMaven\org\springframework\boot\spring-boot-autoconfigure\2.1.2.RELEASE\spring-boot-autoconfigure-2.1.2.RELEASE.jar;D:\paycenterMaven\org\springframework\boot\spring-boot-starter-logging\2.1.2.RELEASE\spring-boot-starter-logging-2.1.2.RELEASE.jar;D:\paycenterMaven\ch\qos\logback\logback-classic\1.2.3\logback-classic-1.2.3.jar;D:\paycenterMaven\ch\qos\logback\logback-core\1.2.3\logback-core-1.2.3.jar;D:\paycenterMaven\org\apache\logging\log4j\log4j-to-slf4j\2.11.1\log4j-to-slf4j-2.11.1.jar;D:\paycenterMaven\org\apache\logging\log4j\log4j-api\2.11.1\log4j-api-2.11.1.jar;D:\paycenterMaven\org\slf4j\jul-to-slf4j\1.7.25\jul-to-slf4j-1.7.25.jar;D:\paycenterMaven\javax\annotation\javax.annotation-api\1.3.2\javax.annotation-api-1.3.2.jar;D:\paycenterMaven\org\yaml\snakeyaml\1.23\snakeyaml-1.23.jar;D:\paycenterMaven\org\springframework\boot\spring-boot-starter-json\2.1.2.RELEASE\spring-boot-starter-json-2.1.2.RELEASE.jar;D:\paycenterMaven\com\fasterxml\jackson\core\jackson-databind\2.9.8\jackson-databind-2.9.8.jar;D:\paycenterMaven\com\fasterxml\jackson\core\jackson-annotations\2.9.0\jackson-annotations-2.9.0.jar;D:\paycenterMaven\com\fasterxml\jackson\core\jackson-core\2.9.8\jackson-core-2.9.8.jar;D:\paycenterMaven\com\fasterxml\jackson\datatype\jackson-datatype-jdk8\2.9.8\jackson-datatype-jdk8-2.9.8.jar;D:\paycenterMaven\com\fasterxml\jackson\datatype\jackson-datatype-jsr310\2.9.8\jackson-datatype-jsr310-2.9.8.jar;D:\paycenterMaven\com\fasterxml\jackson\module\jackson-module-parameter-names\2.9.8\jackson-module-parameter-names-2.9.8.jar;D:\paycenterMaven\org\springframework\boot\spring-boot-starter-tomcat\2.1.2.RELEASE\spring-boot-starter-tomcat-2.1.2.RELEASE.jar;D:\paycenterMaven\org\apache\tomcat\embed\tomcat-embed-core\9.0.14\tomcat-embed-core-9.0.14.jar;D:\paycenterMaven\org\apache\tomcat\embed\tomcat-embed-el\9.0.14\tomcat-embed-el-9.0.14.jar;D:\paycenterMaven\org\apache\tomcat\embed\tomcat-embed-websocket\9.0.14\tomcat-embed-websocket-9.0.14.jar;D:\paycenterMaven\org\hibernate\validator\hibernate-validator\6.0.14.Final\hibernate-validator-6.0.14.Final.jar;D:\paycenterMaven\javax\validation\validation-api\2.0.1.Final\validation-api-2.0.1.Final.jar;D:\paycenterMaven\org\jboss\logging\jboss-logging\3.3.2.Final\jboss-logging-3.3.2.Final.jar;D:\paycenterMaven\com\fasterxml\classmate\1.4.0\classmate-1.4.0.jar;D:\paycenterMaven\org\springframework\spring-web\5.1.4.RELEASE\spring-web-5.1.4.RELEASE.jar;D:\paycenterMaven\org\springframework\spring-beans\5.1.4.RELEASE\spring-beans-5.1.4.RELEASE.jar;D:\paycenterMaven\org\springframework\spring-webmvc\5.1.4.RELEASE\spring-webmvc-5.1.4.RELEASE.jar;D:\paycenterMaven\org\springframework\spring-aop\5.1.4.RELEASE\spring-aop-5.1.4.RELEASE.jar;D:\paycenterMaven\org\springframework\spring-context\5.1.4.RELEASE\spring-context-5.1.4.RELEASE.jar;D:\paycenterMaven\org\springframework\spring-expression\5.1.4.RELEASE\spring-expression-5.1.4.RELEASE.jar;D:\paycenterMaven\org\springframework\boot\spring-boot-configuration-processor\2.1.2.RELEASE\spring-boot-configuration-processor-2.1.2.RELEASE.jar;D:\paycenterMaven\org\mybatis\spring\boot\mybatis-spring-boot-starter\1.3.2\mybatis-spring-boot-starter-1.3.2.jar;D:\paycenterMaven\org\springframework\boot\spring-boot-starter-jdbc\2.1.2.RELEASE\spring-boot-starter-jdbc-2.1.2.RELEASE.jar;D:\paycenterMaven\com\zaxxer\HikariCP\3.2.0\HikariCP-3.2.0.jar;D:\paycenterMaven\org\springframework\spring-jdbc\5.1.4.RELEASE\spring-jdbc-5.1.4.RELEASE.jar;D:\paycenterMaven\org\springframework\spring-tx\5.1.4.RELEASE\spring-tx-5.1.4.RELEASE.jar;D:\paycenterMaven\org\mybatis\spring\boot\mybatis-spring-boot-autoconfigure\1.3.2\mybatis-spring-boot-autoconfigure-1.3.2.jar;D:\paycenterMaven\org\mybatis\mybatis\3.4.6\mybatis-3.4.6.jar;D:\paycenterMaven\org\mybatis\mybatis-spring\1.3.2\mybatis-spring-1.3.2.jar;D:\paycenterMaven\mysql\mysql-connector-java\8.0.13\mysql-connector-java-8.0.13.jar;D:\paycenterMaven\org\springframework\boot\spring-boot-starter-test\2.1.2.RELEASE\spring-boot-starter-test-2.1.2.RELEASE.jar;D:\paycenterMaven\org\springframework\boot\spring-boot-test\2.1.2.RELEASE\spring-boot-test-2.1.2.RELEASE.jar;D:\paycenterMaven\org\springframework\boot\spring-boot-test-autoconfigure\2.1.2.RELEASE\spring-boot-test-autoconfigure-2.1.2.RELEASE.jar;D:\paycenterMaven\com\jayway\jsonpath\json-path\2.4.0\json-path-2.4.0.jar;D:\paycenterMaven\net\minidev\json-smart\2.3\json-smart-2.3.jar;D:\paycenterMaven\net\minidev\accessors-smart\1.2\accessors-smart-1.2.jar;D:\paycenterMaven\org\ow2\asm\asm\5.0.4\asm-5.0.4.jar;D:\paycenterMaven\org\slf4j\slf4j-api\1.7.25\slf4j-api-1.7.25.jar;D:\paycenterMaven\org\assertj\assertj-core\3.11.1\assertj-core-3.11.1.jar;D:\paycenterMaven\org\mockito\mockito-core\2.23.4\mockito-core-2.23.4.jar;D:\paycenterMaven\net\bytebuddy\byte-buddy\1.9.7\byte-buddy-1.9.7.jar;D:\paycenterMaven\net\bytebuddy\byte-buddy-agent\1.9.7\byte-buddy-agent-1.9.7.jar;D:\paycenterMaven\org\objenesis\objenesis\2.6\objenesis-2.6.jar;D:\paycenterMaven\org\hamcrest\hamcrest-library\1.3\hamcrest-library-1.3.jar;D:\paycenterMaven\org\skyscreamer\jsonassert\1.5.0\jsonassert-1.5.0.jar;D:\paycenterMaven\com\vaadin\external\google\android-json\0.0.20131108.vaadin1\android-json-0.0.20131108.vaadin1.jar;D:\paycenterMaven\org\springframework\spring-core\5.1.4.RELEASE\spring-core-5.1.4.RELEASE.jar;D:\paycenterMaven\org\springframework\spring-jcl\5.1.4.RELEASE\spring-jcl-5.1.4.RELEASE.jar;D:\paycenterMaven\org\springframework\spring-test\5.1.4.RELEASE\spring-test-5.1.4.RELEASE.jar;D:\paycenterMaven\org\xmlunit\xmlunit-core\2.6.2\xmlunit-core-2.6.2.jar;D:\paycenterMaven\org\aspectj\aspectjweaver\1.8.7\aspectjweaver-1.8.7.jar;"/>
    <property name="sun.cpu.endian" value="little"/>
    <property name="user.home" value="C:\Users\mingshengwang"/>
    <property name="user.language" value="zh"/>
    <property name="java.specification.vendor" value="Oracle Corporation"/>
    <property name="java.home" value="C:\softwareEnviroment\jdk\jdk1.8.0_121\jre"/>
    <property name="basedir" value="D:\tool\eclipse\workspace\jackdking-root\jackdking-datasource"/>
    <property name="file.separator" value="\"/>
    <property name="line.separator" value="&#10;"/>
    <property name="java.vm.specification.vendor" value="Oracle Corporation"/>
    <property name="java.specification.name" value="Java Platform API Specification"/>
    <property name="java.awt.graphicsenv" value="sun.awt.Win32GraphicsEnvironment"/>
    <property name="surefire.real.class.path" value="C:\Users\MINGSH~1\AppData\Local\Temp\surefire6174602115166350107\surefirebooter1258321757265480297.jar"/>
    <property name="sun.boot.class.path" value="C:\softwareEnviroment\jdk\jdk1.8.0_121\jre\lib\resources.jar;C:\softwareEnviroment\jdk\jdk1.8.0_121\jre\lib\rt.jar;C:\softwareEnviroment\jdk\jdk1.8.0_121\jre\lib\sunrsasign.jar;C:\softwareEnviroment\jdk\jdk1.8.0_121\jre\lib\jsse.jar;C:\softwareEnviroment\jdk\jdk1.8.0_121\jre\lib\jce.jar;C:\softwareEnviroment\jdk\jdk1.8.0_121\jre\lib\charsets.jar;C:\softwareEnviroment\jdk\jdk1.8.0_121\jre\lib\jfr.jar;C:\softwareEnviroment\jdk\jdk1.8.0_121\jre\classes"/>
    <property name="user.script" value=""/>
    <property name="sun.management.compiler" value="HotSpot 64-Bit Tiered Compilers"/>
    <property name="java.runtime.version" value="1.8.0_121-b13"/>
    <property name="user.name" value="mingshengwang"/>
    <property name="path.separator" value=";"/>
    <property name="os.version" value="10.0"/>
    <property name="java.endorsed.dirs" value="C:\softwareEnviroment\jdk\jdk1.8.0_121\jre\lib\endorsed"/>
    <property name="java.runtime.name" value="Java(TM) SE Runtime Environment"/>
    <property name="file.encoding" value="GBK"/>
    <property name="java.vm.name" value="Java HotSpot(TM) 64-Bit Server VM"/>
    <property name="localRepository" value="D:\paycenterMaven"/>
    <property name="java.vendor.url.bug" value="http://bugreport.sun.com/bugreport/"/>
    <property name="java.io.tmpdir" value="C:\Users\MINGSH~1\AppData\Local\Temp\"/>
    <property name="java.version" value="1.8.0_121"/>
    <property name="user.dir" value="D:\tool\eclipse\workspace\jackdking-root\jackdking-datasource"/>
    <property name="os.arch" value="amd64"/>
    <property name="java.vm.specification.name" value="Java Virtual Machine Specification"/>
    <property name="java.awt.printerjob" value="sun.awt.windows.WPrinterJob"/>
    <property name="sun.os.patch.level" value=""/>
    <property name="java.library.path" value="C:\softwareEnviroment\jdk\jdk1.8.0_121\jre\bin;C:\WINDOWS\Sun\Java\bin;C:\WINDOWS\system32;C:\WINDOWS;C:/softwareEnviroment/jdk/jdk1.8.0_121/bin/../jre/bin/server;C:/softwareEnviroment/jdk/jdk1.8.0_121/bin/../jre/bin;C:/softwareEnviroment/jdk/jdk1.8.0_121/bin/../jre/lib/amd64;C:\WINDOWS\system32;C:\WINDOWS;C:\WINDOWS\System32\Wbem;C:\WINDOWS\System32\WindowsPowerShell\v1.0\;D:\workSoftware\svn\bin;C:\softwareEnviroment\jdk\jdk1.8.0_121\bin;D:\workSoftware\redis-2.6;C:\Program Files\Git\cmd;D:\workSoftware\nodejs\;C:\Users\mingshengwang\AppData\Local\Microsoft\WindowsApps;C:\Users\mingshengwang\AppData\Local\GitHubDesktop\bin;C:\ProgramData\mingshengwang\GitHubDesktop\bin;C:\Program Files (x86)\SSH Communications Security\SSH Secure Shell;D:\workSoftware\ssh;D:\workSoftware\nodejs\node_global;;D:\workSoftware\eclipse;;."/>
    <property name="java.vm.info" value="mixed mode"/>
    <property name="java.vendor" value="Oracle Corporation"/>
    <property name="java.vm.version" value="25.121-b13"/>
    <property name="java.ext.dirs" value="C:\softwareEnviroment\jdk\jdk1.8.0_121\jre\lib\ext;C:\WINDOWS\Sun\Java\lib\ext"/>
    <property name="sun.io.unicode.encoding" value="UnicodeLittle"/>
    <property name="java.class.version" value="52.0"/>
  </properties>
  <testcase name="contextLoads" classname="springboot.DynamicDatasourceAnnoApplicationTests" time="0.605"/>
  <testcase name="testSelect1" classname="springboot.DynamicDatasourceAnnoApplicationTests" time="0.788"/>
  <testcase name="testSelect3" classname="springboot.DynamicDatasourceAnnoApplicationTests" time="0.009"/>
</testsuite>